2026-03-02 18:50:27.978 [ORDER] [O-1001] Created order for testing
2026-03-02 18:56:15.514 [ORDER] [O-1001] Created order for testing
2026-03-02 18:56:31.731 [ORDER] [B_BAD] 提交订单: 证券=600100, 方向=B, 价格=1.000000, 数量=0
2026-03-02 18:56:31.732 [ORDER] [B_BAD] 订单数量非法，拒绝订单
2026-03-02 18:56:31.787 [ORDER] [B_TEST_1] 提交订单: 证券=600000, 方向=B, 价格=100.000000, 数量=10
2026-03-02 18:56:31.787 [ORDER] [B_TEST_1] 新订单[B_TEST_1]部分成交，剩余数量[10]已挂单
2026-03-02 18:56:31.787 [ORDER] [B_TEST_1] 订单进入订单簿等待撮合
2026-03-02 18:56:31.787 [ORDER] [B_TEST_1] 更新订单状态到持久层: MATCHING
2026-03-02 18:56:31.787 [ORDER] [B_TEST_1] 订单处理完成
2026-03-02 18:56:31.787 [ORDER] [S_TEST_1] 提交订单: 证券=600000, 方向=S, 价格=100.000000, 数量=10
2026-03-02 18:56:31.787 [ORDER] [S_TEST_1] 撮合成交：新订单[S_TEST_1] vs 对手方订单[B_TEST_1] | 成交价格[100.000000] | 成交数量[10] | 新订单剩余[0] | 对手方剩余[0]
2026-03-02 18:56:31.787 [ORDER] [S_TEST_1] 对手方订单[]完全成交，已从队列移除
2026-03-02 18:56:31.787 [ORDER] [S_TEST_1] 股票[600000]买单价格[100.000000]队列已空，移除该价格节点
2026-03-02 18:56:31.787 [ORDER] [S_TEST_1] 新订单[S_TEST_1]完全成交，无需挂单
2026-03-02 18:56:31.787 [ORDER] [S_TEST_1] 订单撮合成功: 生成1笔成交
2026-03-02 18:56:31.787 [ORDER] [B_TEST_1] 保存成交到数据库: T1772448991787, 价格=100.000000, 数量=10
2026-03-02 18:56:31.787 [ORDER] [S_TEST_1] 更新订单状态到持久层: FULL_FILLED
2026-03-02 18:56:31.787 [ORDER] [S_TEST_1] 订单处理完成
2026-03-02 18:56:31.852 [ORDER] [S_TP_1] 提交订单: 证券=600002, 方向=S, 价格=50.000000, 数量=3
2026-03-02 18:56:31.852 [ORDER] [S_TP_1] 新订单[S_TP_1]部分成交，剩余数量[3]已挂单
2026-03-02 18:56:31.852 [ORDER] [S_TP_1] 订单进入订单簿等待撮合
2026-03-02 18:56:31.852 [ORDER] [S_TP_1] 更新订单状态到持久层: MATCHING
2026-03-02 18:56:31.853 [ORDER] [S_TP_1] 订单处理完成
2026-03-02 18:56:31.853 [ORDER] [S_TP_2] 提交订单: 证券=600002, 方向=S, 价格=50.000000, 数量=5
2026-03-02 18:56:31.853 [ORDER] [S_TP_2] 新订单[S_TP_2]部分成交，剩余数量[5]已挂单
2026-03-02 18:56:31.853 [ORDER] [S_TP_2] 订单进入订单簿等待撮合
2026-03-02 18:56:31.853 [ORDER] [S_TP_2] 更新订单状态到持久层: MATCHING
2026-03-02 18:56:31.853 [ORDER] [S_TP_2] 订单处理完成
2026-03-02 18:56:31.853 [ORDER] [B_TP_1] 提交订单: 证券=600002, 方向=B, 价格=50.000000, 数量=6
2026-03-02 18:56:31.853 [ORDER] [B_TP_1] 撮合成交：新订单[B_TP_1] vs 对手方订单[S_TP_1] | 成交价格[50.000000] | 成交数量[3] | 新订单剩余[3] | 对手方剩余[0]
2026-03-02 18:56:31.853 [ORDER] [B_TP_1] 对手方订单[S_TP_2]完全成交，已从队列移除
2026-03-02 18:56:31.853 [ORDER] [B_TP_1] 撮合成交：新订单[B_TP_1] vs 对手方订单[S_TP_2] | 成交价格[50.000000] | 成交数量[3] | 新订单剩余[3] | 对手方剩余[2]
2026-03-02 18:56:31.853 [ORDER] [B_TP_1] 新订单[B_TP_1]完全成交，无需挂单
2026-03-02 18:56:31.853 [ORDER] [B_TP_1] 订单撮合成功: 生成2笔成交
2026-03-02 18:56:31.853 [ORDER] [B_TP_1] 保存成交到数据库: T1772448991853, 价格=50.000000, 数量=3
2026-03-02 18:56:31.853 [ORDER] [B_TP_1] 保存成交到数据库: T1772448991853, 价格=50.000000, 数量=3
2026-03-02 18:56:31.853 [ORDER] [B_TP_1] 更新订单状态到持久层: FULL_FILLED
2026-03-02 18:56:31.853 [ORDER] [B_TP_1] 订单处理完成
2026-03-02 18:56:31.920 [ORDER] [S_PP_1] 提交订单: 证券=600003, 方向=S, 价格=101.000000, 数量=2
2026-03-02 18:56:31.920 [ORDER] [S_PP_1] 新订单[S_PP_1]部分成交，剩余数量[2]已挂单
2026-03-02 18:56:31.920 [ORDER] [S_PP_1] 订单进入订单簿等待撮合
2026-03-02 18:56:31.920 [ORDER] [S_PP_1] 更新订单状态到持久层: MATCHING
2026-03-02 18:56:31.920 [ORDER] [S_PP_1] 订单处理完成
2026-03-02 18:56:31.920 [ORDER] [S_PP_2] 提交订单: 证券=600003, 方向=S, 价格=100.000000, 数量=2
2026-03-02 18:56:31.920 [ORDER] [S_PP_2] 新订单[S_PP_2]部分成交，剩余数量[2]已挂单
2026-03-02 18:56:31.920 [ORDER] [S_PP_2] 订单进入订单簿等待撮合
2026-03-02 18:56:31.920 [ORDER] [S_PP_2] 更新订单状态到持久层: MATCHING
2026-03-02 18:56:31.920 [ORDER] [S_PP_2] 订单处理完成
2026-03-02 18:56:31.920 [ORDER] [B_PP_1] 提交订单: 证券=600003, 方向=B, 价格=101.000000, 数量=4
2026-03-02 18:56:31.920 [ORDER] [B_PP_1] 撮合成交：新订单[B_PP_1] vs 对手方订单[S_PP_2] | 成交价格[100.000000] | 成交数量[2] | 新订单剩余[2] | 对手方剩余[0]
2026-03-02 18:56:31.920 [ORDER] [B_PP_1] 对手方订单[]完全成交，已从队列移除
2026-03-02 18:56:31.920 [ORDER] [B_PP_1] 股票[600003]卖单价格[100.000000]队列已空，移除该价格节点
2026-03-02 18:56:31.920 [ORDER] [B_PP_1] 撮合成交：新订单[B_PP_1] vs 对手方订单[S_PP_1] | 成交价格[101.000000] | 成交数量[2] | 新订单剩余[2] | 对手方剩余[0]
2026-03-02 18:56:31.920 [ORDER] [B_PP_1] 对手方订单[]完全成交，已从队列移除
2026-03-02 18:56:31.920 [ORDER] [B_PP_1] 股票[600003]卖单价格[101.000000]队列已空，移除该价格节点
2026-03-02 18:56:31.920 [ORDER] [B_PP_1] 新订单[B_PP_1]完全成交，无需挂单
2026-03-02 18:56:31.920 [ORDER] [B_PP_1] 订单撮合成功: 生成2笔成交
2026-03-02 18:56:31.920 [ORDER] [B_PP_1] 保存成交到数据库: T1772448991920, 价格=100.000000, 数量=2
2026-03-02 18:56:31.920 [ORDER] [B_PP_1] 保存成交到数据库: T1772448991920, 价格=101.000000, 数量=2
2026-03-02 18:56:31.920 [ORDER] [B_PP_1] 更新订单状态到持久层: FULL_FILLED
2026-03-02 18:56:31.921 [ORDER] [B_PP_1] 订单处理完成
2026-03-02 18:56:31.977 [ORDER] [B_CANCEL] 提交订单: 证券=600004, 方向=B, 价格=10.000000, 数量=5
2026-03-02 18:56:31.977 [ORDER] [B_CANCEL] 新订单[B_CANCEL]部分成交，剩余数量[5]已挂单
2026-03-02 18:56:31.977 [ORDER] [B_CANCEL] 订单进入订单簿等待撮合
2026-03-02 18:56:31.977 [ORDER] [B_CANCEL] 更新订单状态到持久层: MATCHING
2026-03-02 18:56:31.978 [ORDER] [B_CANCEL] 订单处理完成
2026-03-02 18:56:31.978 [ORDER] [B_CANCEL] 尝试取消订单
2026-03-02 18:56:31.978 [ORDER] [B_CANCEL] 订单取消成功
2026-03-02 18:56:32.035 [ORDER] [B_BATCH_1] 批量撮合保存成交: T1772448992035
2026-03-02 19:12:33.334 [ORDER] [B_BAD] 提交订单: 证券=600100, 方向=B, 价格=1.000000, 数量=0
2026-03-02 19:12:33.335 [ORDER] [B_BAD] 订单数量非法，拒绝订单
2026-03-02 19:12:33.397 [ORDER] [B_TEST_1] 提交订单: 证券=600000, 方向=B, 价格=100.000000, 数量=10
2026-03-02 19:12:33.397 [ORDER] [B_TEST_1] 新订单[B_TEST_1]部分成交，剩余数量[10]已挂单
2026-03-02 19:12:33.397 [ORDER] [B_TEST_1] 订单进入订单簿等待撮合
2026-03-02 19:12:33.397 [ORDER] [B_TEST_1] 更新订单状态到持久层: MATCHING
2026-03-02 19:12:33.397 [ORDER] [B_TEST_1] 订单处理完成
2026-03-02 19:12:33.397 [ORDER] [S_TEST_1] 提交订单: 证券=600000, 方向=S, 价格=100.000000, 数量=10
2026-03-02 19:12:33.397 [ORDER] [S_TEST_1] 撮合成交：新订单[S_TEST_1] vs 对手方订单[B_TEST_1] | 成交价格[100.000000] | 成交数量[10] | 新订单剩余[0] | 对手方剩余[0]
2026-03-02 19:12:33.397 [ORDER] [S_TEST_1] 对手方订单[]完全成交，已从队列移除
2026-03-02 19:12:33.397 [ORDER] [S_TEST_1] 股票[600000]买单价格[100.000000]队列已空，移除该价格节点
2026-03-02 19:12:33.397 [ORDER] [S_TEST_1] 新订单[S_TEST_1]完全成交，无需挂单
2026-03-02 19:12:33.397 [ORDER] [S_TEST_1] 订单撮合成功: 生成1笔成交
2026-03-02 19:12:33.397 [ORDER] [B_TEST_1] 保存成交到数据库: T1772449953397, 价格=100.000000, 数量=10
2026-03-02 19:12:33.398 [ORDER] [S_TEST_1] 更新订单状态到持久层: FULL_FILLED
2026-03-02 19:12:33.398 [ORDER] [S_TEST_1] 订单处理完成
2026-03-02 19:12:33.449 [ORDER] [S_TP_1] 提交订单: 证券=600002, 方向=S, 价格=50.000000, 数量=3
2026-03-02 19:12:33.449 [ORDER] [S_TP_1] 新订单[S_TP_1]部分成交，剩余数量[3]已挂单
2026-03-02 19:12:33.449 [ORDER] [S_TP_1] 订单进入订单簿等待撮合
2026-03-02 19:12:33.449 [ORDER] [S_TP_1] 更新订单状态到持久层: MATCHING
2026-03-02 19:12:33.449 [ORDER] [S_TP_1] 订单处理完成
2026-03-02 19:12:33.449 [ORDER] [S_TP_2] 提交订单: 证券=600002, 方向=S, 价格=50.000000, 数量=5
2026-03-02 19:12:33.449 [ORDER] [S_TP_2] 新订单[S_TP_2]部分成交，剩余数量[5]已挂单
2026-03-02 19:12:33.449 [ORDER] [S_TP_2] 订单进入订单簿等待撮合
2026-03-02 19:12:33.449 [ORDER] [S_TP_2] 更新订单状态到持久层: MATCHING
2026-03-02 19:12:33.449 [ORDER] [S_TP_2] 订单处理完成
2026-03-02 19:12:33.449 [ORDER] [B_TP_1] 提交订单: 证券=600002, 方向=B, 价格=50.000000, 数量=6
2026-03-02 19:12:33.449 [ORDER] [B_TP_1] 撮合成交：新订单[B_TP_1] vs 对手方订单[S_TP_1] | 成交价格[50.000000] | 成交数量[3] | 新订单剩余[3] | 对手方剩余[0]
2026-03-02 19:12:33.449 [ORDER] [B_TP_1] 对手方订单[S_TP_2]完全成交，已从队列移除
2026-03-02 19:12:33.449 [ORDER] [B_TP_1] 撮合成交：新订单[B_TP_1] vs 对手方订单[S_TP_2] | 成交价格[50.000000] | 成交数量[3] | 新订单剩余[3] | 对手方剩余[2]
2026-03-02 19:12:33.449 [ORDER] [B_TP_1] 新订单[B_TP_1]完全成交，无需挂单
2026-03-02 19:12:33.449 [ORDER] [B_TP_1] 订单撮合成功: 生成2笔成交
2026-03-02 19:12:33.449 [ORDER] [B_TP_1] 保存成交到数据库: T1772449953449, 价格=50.000000, 数量=3
2026-03-02 19:12:33.450 [ORDER] [B_TP_1] 保存成交到数据库: T1772449953449, 价格=50.000000, 数量=3
2026-03-02 19:12:33.450 [ORDER] [B_TP_1] 更新订单状态到持久层: FULL_FILLED
2026-03-02 19:12:33.450 [ORDER] [B_TP_1] 订单处理完成
2026-03-02 19:12:33.507 [ORDER] [S_PP_1] 提交订单: 证券=600003, 方向=S, 价格=101.000000, 数量=2
2026-03-02 19:12:33.507 [ORDER] [S_PP_1] 新订单[S_PP_1]部分成交，剩余数量[2]已挂单
2026-03-02 19:12:33.507 [ORDER] [S_PP_1] 订单进入订单簿等待撮合
2026-03-02 19:12:33.507 [ORDER] [S_PP_1] 更新订单状态到持久层: MATCHING
2026-03-02 19:12:33.507 [ORDER] [S_PP_1] 订单处理完成
2026-03-02 19:12:33.507 [ORDER] [S_PP_2] 提交订单: 证券=600003, 方向=S, 价格=100.000000, 数量=2
2026-03-02 19:12:33.507 [ORDER] [S_PP_2] 新订单[S_PP_2]部分成交，剩余数量[2]已挂单
2026-03-02 19:12:33.507 [ORDER] [S_PP_2] 订单进入订单簿等待撮合
2026-03-02 19:12:33.507 [ORDER] [S_PP_2] 更新订单状态到持久层: MATCHING
2026-03-02 19:12:33.507 [ORDER] [S_PP_2] 订单处理完成
2026-03-02 19:12:33.507 [ORDER] [B_PP_1] 提交订单: 证券=600003, 方向=B, 价格=101.000000, 数量=4
2026-03-02 19:12:33.507 [ORDER] [B_PP_1] 撮合成交：新订单[B_PP_1] vs 对手方订单[S_PP_2] | 成交价格[100.000000] | 成交数量[2] | 新订单剩余[2] | 对手方剩余[0]
2026-03-02 19:12:33.507 [ORDER] [B_PP_1] 对手方订单[]完全成交，已从队列移除
2026-03-02 19:12:33.507 [ORDER] [B_PP_1] 股票[600003]卖单价格[100.000000]队列已空，移除该价格节点
2026-03-02 19:12:33.507 [ORDER] [B_PP_1] 撮合成交：新订单[B_PP_1] vs 对手方订单[S_PP_1] | 成交价格[101.000000] | 成交数量[2] | 新订单剩余[2] | 对手方剩余[0]
2026-03-02 19:12:33.507 [ORDER] [B_PP_1] 对手方订单[]完全成交，已从队列移除
2026-03-02 19:12:33.507 [ORDER] [B_PP_1] 股票[600003]卖单价格[101.000000]队列已空，移除该价格节点
2026-03-02 19:12:33.507 [ORDER] [B_PP_1] 新订单[B_PP_1]完全成交，无需挂单
2026-03-02 19:12:33.507 [ORDER] [B_PP_1] 订单撮合成功: 生成2笔成交
2026-03-02 19:12:33.507 [ORDER] [B_PP_1] 保存成交到数据库: T1772449953507, 价格=100.000000, 数量=2
2026-03-02 19:12:33.507 [ORDER] [B_PP_1] 保存成交到数据库: T1772449953507, 价格=101.000000, 数量=2
2026-03-02 19:12:33.507 [ORDER] [B_PP_1] 更新订单状态到持久层: FULL_FILLED
2026-03-02 19:12:33.507 [ORDER] [B_PP_1] 订单处理完成
2026-03-02 19:12:33.574 [ORDER] [B_CANCEL] 提交订单: 证券=600004, 方向=B, 价格=10.000000, 数量=5
2026-03-02 19:12:33.574 [ORDER] [B_CANCEL] 新订单[B_CANCEL]部分成交，剩余数量[5]已挂单
2026-03-02 19:12:33.574 [ORDER] [B_CANCEL] 订单进入订单簿等待撮合
2026-03-02 19:12:33.574 [ORDER] [B_CANCEL] 更新订单状态到持久层: MATCHING
2026-03-02 19:12:33.574 [ORDER] [B_CANCEL] 订单处理完成
2026-03-02 19:12:33.574 [ORDER] [B_CANCEL] 尝试取消订单
2026-03-02 19:12:33.574 [ORDER] [B_CANCEL] 订单取消成功
2026-03-02 19:12:33.640 [ORDER] [B_BATCH_1] 批量撮合保存成交: T1772449953640
